<?xml version="1.0" encoding="UTF-8"?>
<!-- Generated by org.testng.reporters.JUnitReportReporter -->
<testsuite hostname="DESKTOP-R8MV79K" failures="0" tests="1" name="grid.TestRemote" time="4.851" errors="0" timestamp="21 Sep 2024 14:52:13 GMT" skipped="0">
  <testcase classname="grid.TestRemote" name="googleTest" time="4.851"/>
</testsuite> <!-- grid.TestRemote -->
