<?xml version="1.0" encoding="UTF-8"?>
<!-- Generated by org.testng.reporters.JUnitReportReporter -->
<testsuite hostname="DESKTOP-R8MV79K" failures="0" tests="1" name="grid.TestRemote" time="5.238" errors="0" timestamp="21 Sep 2024 14:53:14 GMT" skipped="0">
  <testcase classname="grid.TestRemote" name="googleTest" time="5.238"/>
</testsuite> <!-- grid.TestRemote -->
